
Cadence Innovus(TM) Implementation System.
Copyright 2020 Cadence Design Systems, Inc. All rights reserved worldwide.

Version:	v20.14-s095_1, built Mon Apr 19 14:41:42 PDT 2021
Options:	
Date:		Mon Nov  6 17:56:49 2023
Host:		vvcevpn (x86_64 w/Linux 3.10.0-1160.el7.x86_64) (24cores*96cpus*Intel(R) Xeon(R) Gold 5318N CPU @ 2.10GHz 36864KB)
OS:		CentOS Linux release 7.9.2009 (Core)

License:
		invs	Innovus Implementation System	20.1	checkout succeeded
		8 CPU jobs allowed with the current license(s). Use setMultiCpuUsage to set your required CPU count.
Change the soft stacksize limit to 0.2%RAM (1030 mbytes). Set global soft_stack_size_limit to change the value.

**INFO:  MMMC transition support version v31-84 

<CMD> set_global _enable_mmmc_by_default_flow      $CTE::mmmc_default
<CMD> suppressMessage ENCEXT-2799
<CMD> getVersion
<CMD> getVersion
<CMD> getVersion
[INFO] Loading PVS 20.11 fill procedures
<CMD> win

--------------------------------------------------------------------------------
Exiting Innovus on Mon Nov  6 17:57:27 2023
  Total CPU time:     0:00:16
  Total real time:    0:00:45
  Peak memory (main): 632.42MB


*** Memory Usage v#1 (Current mem = 918.855M, initial mem = 284.301M) ***
*** Message Summary: 0 warning(s), 0 error(s)

--- Ending "Innovus" (totcpu=0:00:15.2, real=0:00:38.0, mem=918.9M) ---
