Command: report datapath > reports_Sep15-17:32:27/generic/Cordic_datapath.rpt
============================================================
  Generated by:           Genus(TM) Synthesis Solution 20.11-s111_1
  Generated on:           Sep 15 2023  05:34:08 pm
  Module:                 Cordic
  Operating conditions:   fast (balanced_tree)
  Wireload mode:          enclosed
  Area mode:              timing library
============================================================


Inferred components

              Operator Signedness Inputs Outputs 
=================================================
Cordic
 gen_pipe[5].Pipe
  SUB_TC_OP
   
   module:sub_signed_21828
    very_fast     -    signed     21x16  21      
=================================================
Cordic
 gen_pipe[5].Pipe
  SUB_TC_OP_2
   
   module:sub_signed_21828
    very_fast     -    signed     21x16  21      
=================================================
Cordic
 gen_pipe[6].Pipe_ADD_TC_OP
  
  module:add_signed_19460
   very_fast      +    signed     21x15  21      
=================================================
Cordic
 gen_pipe[6].Pipe_ADD_TC_OP_1
  
  module:add_signed_19460
   very_fast      +    signed     21x15  21      
=================================================
Cordic
 gen_pipe[6].Pipe_SUB_TC_OP
  
  module:sub_signed_19466
   very_fast      -    signed     21x15  21      
=================================================
Cordic
 gen_pipe[6].Pipe_SUB_TC_OP_2
  
  module:sub_signed_19466
   very_fast      -    signed     21x15  21      
=================================================
Cordic
 gen_pipe[7].Pipe_ADD_TC_OP
  
  module:add_signed_17098
   very_fast      +    signed     21x14  21      
=================================================
Cordic
 gen_pipe[7].Pipe_ADD_TC_OP_1
  
  module:add_signed_17098
   very_fast      +    signed     21x14  21      
=================================================
Cordic
 gen_pipe[7].Pipe_SUB_TC_OP
  
  module:sub_signed_17104
   very_fast      -    signed     21x14  21      
=================================================
Cordic
 gen_pipe[7].Pipe_SUB_TC_OP_2
  
  module:sub_signed_17104
   very_fast      -    signed     21x14  21      
=================================================

