============================================================
  Generated by:           Genus(TM) Synthesis Solution 20.11-s111_1
  Generated on:           Sep 04 2023  12:04:04 pm
  Module:                 Cordic
  Operating conditions:   fast (balanced_tree)
  Wireload mode:          enclosed
  Area mode:              timing library
============================================================


Path 1: MET (0 ps) Setup Check with Pin gen_pipe[6].Pipe_Yo_reg[20]/CK->D
          Group: C2C
     Startpoint: (R) gen_pipe[5].Pipe_Xo_reg[7]/CK
          Clock: (R) clk
       Endpoint: (F) gen_pipe[6].Pipe_Yo_reg[20]/D
          Clock: (R) clk

                     Capture       Launch     
        Clock Edge:+    1000            0     
       Src Latency:+       0            0     
       Net Latency:+       0 (I)        0 (I) 
           Arrival:=    1000            0     
                                              
             Setup:-      21                  
       Uncertainty:-     100                  
     Required Time:=     879                  
      Launch Clock:-       0                  
         Data Path:-     879                  
             Slack:=       0                  

#-----------------------------------------------------------------------------------------------------------------
#             Timing Point               Flags    Arc    Edge   Cell     Fanout Load Trans Delay Arrival Instance 
#                                                                               (fF)  (ps)  (ps)   (ps)  Location 
#-----------------------------------------------------------------------------------------------------------------
  gen_pipe[5].Pipe_Xo_reg[7]/CK          -       -       R     (arrival)    844    -     0     0       0    (-,-) 
  gen_pipe[5].Pipe_Xo_reg[7]/QN          -       CK->QN  R     DFFX4          6  8.8    23   102     102    (-,-) 
  g104914/Y                              -       A1N->Y  R     OAI2BB2X4      2  3.0    43    45     147    (-,-) 
  g104326/CON                            -       CI->CON F     ACHCONX2       2  5.0    70    37     184    (-,-) 
  g104824/Y                              -       B1->Y   R     OAI2BB2X4      2  4.9    49    31     216    (-,-) 
  gen_pipe[6].Pipe_SUB_TC_OP_2_g1494/Y   -       A1->Y   F     AOI21X4        2  2.5    27    26     241    (-,-) 
  g104823/Y                              -       B1->Y   F     OA22X4         2  5.0    26    52     293    (-,-) 
  g104822/Y                              -       B1->Y   R     OAI2BB2X4      2  4.8    49    21     314    (-,-) 
  g104821/Y                              -       B1->Y   F     AOI2BB2X4      2  2.5    35    22     336    (-,-) 
  gen_pipe[6].Pipe_SUB_TC_OP_2_g104346/Y -       A1N->Y  F     AOI2BB1X4      2  3.0    20    50     386    (-,-) 
  g104324/CON                            -       A->CON  R     ACHCONX2       2  2.4    53    66     452    (-,-) 
  g104820/Y                              -       A1N->Y  R     OAI2BB1X4      2  2.4    20    52     504    (-,-) 
  g104819/Y                              -       A1N->Y  R     OAI2BB1X4      2  2.4    20    44     548    (-,-) 
  g104818/Y                              -       A1N->Y  R     OAI2BB1X4      2  2.4    20    44     591    (-,-) 
  g104817/Y                              -       A1N->Y  R     OAI2BB1X4      3  5.8    26    47     638    (-,-) 
  g104816/Y                              -       A1->Y   F     AOI211X4       2  2.3    32    24     662    (-,-) 
  g104815/Y                              -       A->Y    R     INVXL          2  5.1    63    38     700    (-,-) 
  g104814/Y                              -       C->Y    F     NAND3BX4       2  6.8    54    38     738    (-,-) 
  gen_pipe[6].Pipe_SUB_TC_OP_2_g1454/Y   -       B->Y    R     NOR2X4         2  3.4    28    23     761    (-,-) 
  gen_pipe[6].Pipe_SUB_TC_OP_2_g1450/Y   -       A1->Y   F     AOI21X2        1  1.7    26    22     783    (-,-) 
  g104490/Y                              -       B->Y    R     XNOR2X4        1  1.7    22    58     841    (-,-) 
  g98742/Y                               -       B1->Y   F     OAI222X2       1  0.6    53    38     879    (-,-) 
  gen_pipe[6].Pipe_Yo_reg[20]/D          -       -       F     DFFX4          1    -     -     0     879    (-,-) 
#-----------------------------------------------------------------------------------------------------------------

