============================================================
  Generated by:           Genus(TM) Synthesis Solution 20.11-s111_1
  Generated on:           Sep 04 2023  12:04:03 pm
  Module:                 Cordic
  Operating conditions:   fast (balanced_tree)
  Wireload mode:          enclosed
  Area mode:              timing library
============================================================

Timing
--------

Clock Period 
-------------
clk   1000.0 
VCLK  1000.0 


  Cost    Critical         Violating 
 Group   Path Slack  TNS     Paths   
-------------------------------------
C2C             0.1   0.0          0 
C2O           723.5   0.0          0 
clk        No paths   0.0            
default    No paths   0.0            
I2C             0.6   0.0          0 
I2O        No paths   0.0            
VCLK       No paths   0.0            
-------------------------------------
Total                 0.0          0 

Instance Count
--------------
Leaf Instance Count             7743 
Physical Instance count            0 
Sequential Instance Count        844 
Combinational Instance Count    6899 
Hierarchical Instance Count        0 

Area
----
Cell Area                          0.000
Physical Cell Area                 0.000
Total Cell Area (Cell+Physical)    0.000
Net Area                           0.000
Total Area (Cell+Physical+Net)     0.000

Runtime                            0.0 seconds
Elapsed Runtime                    167 seconds
Genus peak memory usage            1420.36 
Innovus peak memory usage          no_value 
Hostname                           localhost
