============================================================
  Generated by:           Genus(TM) Synthesis Solution 20.11-s111_1
  Generated on:           Sep 15 2023  05:34:52 pm
  Module:                 Cordic
  Operating conditions:   fast (balanced_tree)
  Wireload mode:          enclosed
  Area mode:              timing library
============================================================


Path 1: MET (25 ps) Setup Check with Pin gen_pipe[5].Pipe_Xo_reg[18]/CK->D
          Group: C2C
     Startpoint: (R) gen_pipe[4].Pipe_Yo_reg[6]/CK
          Clock: (R) clk
       Endpoint: (F) gen_pipe[5].Pipe_Xo_reg[18]/D
          Clock: (R) clk

                     Capture       Launch     
        Clock Edge:+    1000            0     
       Src Latency:+       0            0     
       Net Latency:+       0 (I)        0 (I) 
           Arrival:=    1000            0     
                                              
             Setup:-      20                  
       Uncertainty:-     100                  
     Required Time:=     880                  
      Launch Clock:-       0                  
         Data Path:-     855                  
             Slack:=      25                  

#-----------------------------------------------------------------------------------------------------------
#           Timing Point             Flags   Arc   Edge   Cell     Fanout Load Trans Delay Arrival Instance 
#                                                                         (fF)  (ps)  (ps)   (ps)  Location 
#-----------------------------------------------------------------------------------------------------------
  gen_pipe[4].Pipe_Yo_reg[6]/CK      -       -     R     (arrival)    844    -     0     0       0    (-,-) 
  gen_pipe[4].Pipe_Yo_reg[6]/Q       -       CK->Q F     DFFX4         10 21.4    43    94      94    (-,-) 
  gen_pipe[5].Pipe_SUB_TC_OP_g1569/Y -       A->Y  R     CLKINVX8       3  8.8    19    15     109    (-,-) 
  gen_pipe[5].Pipe_SUB_TC_OP_g1546/Y -       B->Y  F     NOR2X4         1  1.0    12     9     118    (-,-) 
  gen_pipe[5].Pipe_SUB_TC_OP_g2/Y    -       A1->Y F     OA21X4         2  4.9    23    49     168    (-,-) 
  gen_pipe[5].Pipe_SUB_TC_OP_g1474/Y -       A1->Y R     OAI21X4        2  4.9    34    22     190    (-,-) 
  gen_pipe[5].Pipe_SUB_TC_OP_g1472/Y -       A1->Y F     AOI21X4        2  4.9    32    25     215    (-,-) 
  gen_pipe[5].Pipe_SUB_TC_OP_g1470/Y -       A1->Y R     OAI21X4        2  4.9    34    25     240    (-,-) 
  gen_pipe[5].Pipe_SUB_TC_OP_g1467/Y -       A1->Y F     AOI21X4        2  4.9    32    25     265    (-,-) 
  gen_pipe[5].Pipe_SUB_TC_OP_g1464/Y -       A1->Y R     OAI21X4        2  4.9    34    25     290    (-,-) 
  gen_pipe[5].Pipe_SUB_TC_OP_g1461/Y -       A1->Y F     AOI21X4        3  5.9    34    27     316    (-,-) 
  gen_pipe[5].Pipe_SUB_TC_OP_g1456/Y -       A2->Y R     OAI31X4        2  4.9    54    34     350    (-,-) 
  gen_pipe[5].Pipe_SUB_TC_OP_g1454/Y -       B->Y  F     NAND2X4        1  3.4    26    23     374    (-,-) 
  gen_pipe[5].Pipe_SUB_TC_OP_g1452/Y -       B->Y  R     NAND2X4        2  4.9    19    14     388    (-,-) 
  gen_pipe[5].Pipe_SUB_TC_OP_g1451/Y -       B->Y  F     NAND2X4        1  3.4    21    15     403    (-,-) 
  gen_pipe[5].Pipe_SUB_TC_OP_g1449/Y -       B->Y  R     NAND2X4        2  4.9    19    13     416    (-,-) 
  gen_pipe[5].Pipe_SUB_TC_OP_g1448/Y -       B->Y  F     NAND2X4        1  5.0    26    18     434    (-,-) 
  gen_pipe[5].Pipe_SUB_TC_OP_g1446/Y -       B->Y  R     NAND2X6        2  5.1    18    13     446    (-,-) 
  gen_pipe[5].Pipe_SUB_TC_OP_g1445/Y -       B->Y  F     NAND2X4        1  5.0    25    17     464    (-,-) 
  gen_pipe[5].Pipe_SUB_TC_OP_g1443/Y -       B->Y  R     NAND2X6        2  5.1    18    13     476    (-,-) 
  gen_pipe[5].Pipe_SUB_TC_OP_g1441/Y -       A1->Y F     AOI21X4        2  4.9    30    22     498    (-,-) 
  gen_pipe[5].Pipe_SUB_TC_OP_g1438/Y -       A1->Y R     OAI21X4        3  8.1    44    29     527    (-,-) 
  gen_pipe[5].Pipe_SUB_TC_OP_g1434/Y -       B->Y  F     NAND2X4        2  4.0    26    22     549    (-,-) 
  g104308/Y                          -       A->Y  F     DLY4X4         1  1.5    11   202     751    (-,-) 
  gen_pipe[5].Pipe_SUB_TC_OP_g1585/Y -       B->Y  F     XOR2X4         1  0.9    22    49     800    (-,-) 
  gen_pipe[5].Pipe_g7608/Y           -       A->Y  R     CLKINVX1       1  1.7    17    14     813    (-,-) 
  gen_pipe[5].Pipe_g7178/Y           -       A1->Y F     OAI222X2       1  0.6    50    42     855    (-,-) 
  gen_pipe[5].Pipe_Xo_reg[18]/D      -       -     F     DFFX2          1    -     -     0     855    (-,-) 
#-----------------------------------------------------------------------------------------------------------

