============================================================
  Generated by:           Genus(TM) Synthesis Solution 20.11-s111_1
  Generated on:           Sep 15 2023  05:35:05 pm
  Module:                 Cordic
  Operating conditions:   fast (balanced_tree)
  Wireload mode:          enclosed
  Area mode:              timing library
============================================================

                               Leakage  
   Gate     Instances  Area  Power (nW) Library 
------------------------------------------------
ACHCONX2          190  0.000    318.729    fast 
ADDFX4              6  0.000      9.820    fast 
ADDHX1             16  0.000      9.064    fast 
ADDHX2              2  0.000      1.455    fast 
ADDHX4              9  0.000     10.862    fast 
ADDHXL              1  0.000      0.509    fast 
AND2X6              2  0.000      1.737    fast 
AO21X4             14  0.000      8.959    fast 
AO22X4             13  0.000      9.385    fast 
AOI211X1            5  0.000      1.924    fast 
AOI211X2           14  0.000     10.758    fast 
AOI211X4           13  0.000     19.981    fast 
AOI21X1            68  0.000     18.853    fast 
AOI21X2           116  0.000     64.284    fast 
AOI21X4           110  0.000    121.963    fast 
AOI21XL             2  0.000      0.385    fast 
AOI221X1           28  0.000     11.983    fast 
AOI221X2            7  0.000      6.026    fast 
AOI221X4            2  0.000      3.444    fast 
AOI222X1            5  0.000      2.379    fast 
AOI222X2            1  0.000      0.952    fast 
AOI222X4            1  0.000      1.904    fast 
AOI22X1            33  0.000     10.673    fast 
AOI22X2             6  0.000      3.881    fast 
AOI22X4            28  0.000     36.226    fast 
AOI2BB1X1         151  0.000     47.311    fast 
AOI2BB1X2           1  0.000      0.473    fast 
AOI2BB1X4          40  0.000     34.114    fast 
AOI2BB1XL           3  0.000      0.749    fast 
AOI2BB2X1         264  0.000    118.624    fast 
AOI2BB2X2         132  0.000    100.704    fast 
AOI2BB2X4          57  0.000     83.103    fast 
AOI31X1             3  0.000      0.981    fast 
AOI31X2             1  0.000      0.654    fast 
AOI31X4             5  0.000      6.520    fast 
AOI32X1            16  0.000      6.223    fast 
AOI32X2             3  0.000      2.334    fast 
AOI32X4             2  0.000      3.112    fast 
BUFX3               2  0.000      0.760    fast 
BUFX6               5  0.000      3.719    fast 
CLKAND2X12         40  0.000     84.672    fast 
CLKAND2X2           1  0.000      0.327    fast 
CLKAND2X3         112  0.000     60.563    fast 
CLKAND2X6          32  0.000     36.345    fast 
CLKINVX1          551  0.000     50.162    fast 
CLKINVX12           2  0.000      2.336    fast 
CLKINVX16          10  0.000     15.841    fast 
CLKINVX2          249  0.000     45.341    fast 
CLKINVX20           2  0.000      3.945    fast 
CLKINVX3           42  0.000     11.472    fast 
CLKINVX4           80  0.000     29.134    fast 
CLKINVX6           15  0.000      7.954    fast 
CLKINVX8           17  0.000     12.068    fast 
DFFQX4             16  0.000     17.789    fast 
DFFRX4              3  0.000      5.294    fast 
DFFX1               1  0.000      0.867    fast 
DFFX2             197  0.000    213.148    fast 
DFFX4             592  0.000    942.263    fast 
DFFXL               1  0.000      0.804    fast 
EDFFHQX2            1  0.000      1.145    fast 
EDFFHQX4            1  0.000      1.417    fast 
EDFFHQX8            6  0.000     11.491    fast 
EDFFX4             16  0.000     28.011    fast 
INVX2              24  0.000      4.370    fast 
INVX3               4  0.000      1.093    fast 
INVX6               1  0.000      0.530    fast 
INVXL             183  0.000     10.750    fast 
MDFFHQX4           10  0.000     14.701    fast 
MXI2X1            406  0.000    141.452    fast 
MXI2XL             15  0.000      3.991    fast 
NAND2BX1           42  0.000     10.850    fast 
NAND2BX2           10  0.000      4.400    fast 
NAND2BX4          254  0.000    211.609    fast 
NAND2BXL           12  0.000      2.326    fast 
NAND2X1            67  0.000     12.168    fast 
NAND2X2           194  0.000     70.480    fast 
NAND2X4           211  0.000    153.283    fast 
NAND2X6            30  0.000     32.182    fast 
NAND2X8            71  0.000    100.459    fast 
NAND3BX1            7  0.000      2.437    fast 
NAND3BX2            3  0.000      1.859    fast 
NAND3BX4           12  0.000     14.302    fast 
NAND3X2             2  0.000      1.086    fast 
NAND3X4             2  0.000      2.171    fast 
NAND3X6             2  0.000      3.202    fast 
NAND3X8             3  0.000      6.332    fast 
NAND4BBX1           1  0.000      0.514    fast 
NAND4BX1            2  0.000      0.874    fast 
NAND4BX4            2  0.000      3.088    fast 
NAND4X2             2  0.000      1.440    fast 
NAND4X8             2  0.000      5.577    fast 
NOR2BX1             8  0.000      1.788    fast 
NOR2BX2           138  0.000     52.233    fast 
NOR2BX4           286  0.000    199.681    fast 
NOR2X1             90  0.000     14.386    fast 
NOR2X2             97  0.000     31.010    fast 
NOR2X4            253  0.000    161.757    fast 
NOR2X6             81  0.000     77.027    fast 
NOR2X8             49  0.000     61.728    fast 
NOR3BX2             2  0.000      1.032    fast 
NOR3BX4             5  0.000      5.026    fast 
NOR3X1              1  0.000      0.229    fast 
NOR3X2              7  0.000      3.199    fast 
NOR3X4              6  0.000      5.484    fast 
NOR3X6              2  0.000      2.726    fast 
NOR3X8              3  0.000      5.425    fast 
NOR4BBX2            2  0.000      1.423    fast 
NOR4BBX4            1  0.000      1.370    fast 
NOR4X1              1  0.000      0.297    fast 
NOR4X8              3  0.000      7.071    fast 
OA21X4              9  0.000      5.418    fast 
OA22X1             11  0.000      3.510    fast 
OA22X4              5  0.000      3.609    fast 
OAI211X1           45  0.000     15.298    fast 
OAI211X2            6  0.000      4.079    fast 
OAI211X4           11  0.000     14.950    fast 
OAI21X1            54  0.000     13.516    fast 
OAI21X2            90  0.000     45.050    fast 
OAI21X4            73  0.000     73.069    fast 
OAI21XL             1  0.000      0.155    fast 
OAI221X1           14  0.000      5.719    fast 
OAI221X2            7  0.000      5.721    fast 
OAI221X4            4  0.000      6.536    fast 
OAI222X1          521  0.000    248.612    fast 
OAI222X2          109  0.000    104.052    fast 
OAI222X4            2  0.000      3.817    fast 
OAI22X1           128  0.000     44.314    fast 
OAI22X2            71  0.000     49.191    fast 
OAI22X4            34  0.000     47.106    fast 
OAI22XL             2  0.000      0.459    fast 
OAI2BB1X1          55  0.000     16.251    fast 
OAI2BB1X2          13  0.000      6.201    fast 
OAI2BB1X4          55  0.000     49.210    fast 
OAI2BB1XL          63  0.000     14.610    fast 
OAI2BB2X1           3  0.000      1.477    fast 
OAI2BB2X2          10  0.000      8.313    fast 
OAI2BB2X4          64  0.000    101.224    fast 
OAI31X1            16  0.000      5.104    fast 
OAI31X2             5  0.000      3.189    fast 
OAI31X4             8  0.000     10.204    fast 
OAI32X4             5  0.000      8.297    fast 
OR2X1               1  0.000      0.245    fast 
OR2X2               1  0.000      0.336    fast 
OR2X4               1  0.000      0.588    fast 
OR2X6               1  0.000      0.957    fast 
OR2X8              11  0.000     12.505    fast 
OR3X8               1  0.000      1.350    fast 
XNOR2X4            79  0.000     58.248    fast 
XNOR3X1             1  0.000      0.801    fast 
XNOR3XL            49  0.000     38.198    fast 
XOR2X4             34  0.000     24.460    fast 
XOR3X1             97  0.000     79.186    fast 
------------------------------------------------
total            7743  0.000   5263.460         


                                        Leakage  Leakage 
     Type      Instances  Area Area % Power (nW) Power % 
---------------------------------------------------------
sequential           844 0.000    0.0   1236.930    23.5 
inverter            1180 0.000    0.0    194.996     3.7 
buffer                 7 0.000    0.0      4.479     0.1 
logic               5712 0.000    0.0   3827.054    72.7 
physical_cells         0 0.000    0.0      0.000     0.0 
---------------------------------------------------------
total               7743 0.000    0.0   5263.460   100.0 

