============================================================
  Generated by:           Genus(TM) Synthesis Solution 20.11-s111_1
  Generated on:           Sep 15 2023  05:34:09 pm
  Module:                 Cordic
  Operating conditions:   fast (balanced_tree)
  Wireload mode:          enclosed
  Area mode:              timing library
============================================================

           Instance                           Module                 Cell Count  Cell Area  Net Area   Total Area   Wireload  
------------------------------------------------------------------------------------------------------------------------------
Cordic                                                                    15404      0.000     0.000        0.000 <none> (D)  
  gen_pipe[5].Pipe             CordicPipe_WIDTH21_AWIDTH20_PIPEID5         1188      0.000     0.000        0.000 <none> (D)  
    SUB_TC_OP                  sub_signed_21828                             181      0.000     0.000        0.000 <none> (D)  
    SUB_TC_OP_2                sub_signed_21828                             181      0.000     0.000        0.000 <none> (D)  
  gen_pipe[6].Pipe_ADD_TC_OP   add_signed_19460                             186      0.000     0.000        0.000 <none> (D)  
  gen_pipe[6].Pipe_ADD_TC_OP_1 add_signed_19460                             186      0.000     0.000        0.000 <none> (D)  
  gen_pipe[6].Pipe_SUB_TC_OP   sub_signed_19466                             184      0.000     0.000        0.000 <none> (D)  
  gen_pipe[6].Pipe_SUB_TC_OP_2 sub_signed_19466                             184      0.000     0.000        0.000 <none> (D)  
  gen_pipe[7].Pipe_ADD_TC_OP   add_signed_17098                             186      0.000     0.000        0.000 <none> (D)  
  gen_pipe[7].Pipe_ADD_TC_OP_1 add_signed_17098                             186      0.000     0.000        0.000 <none> (D)  
  gen_pipe[7].Pipe_SUB_TC_OP   sub_signed_17104                             184      0.000     0.000        0.000 <none> (D)  
  gen_pipe[7].Pipe_SUB_TC_OP_2 sub_signed_17104                             184      0.000     0.000        0.000 <none> (D)  
  gen_pipe[10].Pipe            CordicPipe_WIDTH21_AWIDTH20_PIPEID10        1125      0.000     0.000        0.000 <none> (D)  
  (D) = wireload is default in technology library
