============================================================
  Generated by:           Genus(TM) Synthesis Solution 20.11-s111_1
  Generated on:           Sep 15 2023  05:34:52 pm
  Module:                 Cordic
  Operating conditions:   fast (balanced_tree)
  Wireload mode:          enclosed
  Area mode:              timing library
============================================================

                               Leakage  
   Gate     Instances  Area  Power (nW) Library 
------------------------------------------------
ACHCONX2          179  0.000    300.276    fast 
ADDHX1             16  0.000      9.064    fast 
ADDHX2              2  0.000      1.455    fast 
ADDHX4              9  0.000     10.862    fast 
ADDHXL              1  0.000      0.509    fast 
AND2X6              2  0.000      1.737    fast 
AO21X4             10  0.000      6.399    fast 
AOI211X1            5  0.000      1.924    fast 
AOI211X2           14  0.000     10.758    fast 
AOI211X4            5  0.000      7.685    fast 
AOI21X1            69  0.000     19.131    fast 
AOI21X2           147  0.000     81.464    fast 
AOI21X4           115  0.000    127.506    fast 
AOI21XL             2  0.000      0.385    fast 
AOI221X1           28  0.000     11.983    fast 
AOI221X2            7  0.000      6.026    fast 
AOI221X4            1  0.000      1.722    fast 
AOI222X1            5  0.000      2.379    fast 
AOI222X2            1  0.000      0.952    fast 
AOI222X4            1  0.000      1.904    fast 
AOI22X1            33  0.000     10.673    fast 
AOI22X2             6  0.000      3.881    fast 
AOI22X4            17  0.000     21.995    fast 
AOI2BB1X1         149  0.000     46.684    fast 
AOI2BB1X2           1  0.000      0.473    fast 
AOI2BB1X4          10  0.000      8.529    fast 
AOI2BB1XL           2  0.000      0.499    fast 
AOI2BB2X1         265  0.000    119.073    fast 
AOI2BB2X2         137  0.000    104.518    fast 
AOI2BB2X4          15  0.000     21.869    fast 
AOI31X1             3  0.000      0.981    fast 
AOI31X2             1  0.000      0.654    fast 
AOI31X4             4  0.000      5.216    fast 
AOI32X1            16  0.000      6.223    fast 
AOI32X2             3  0.000      2.334    fast 
AOI32X4             2  0.000      3.112    fast 
BUFX3              16  0.000      6.079    fast 
BUFX6              18  0.000     13.389    fast 
BUFX8               1  0.000      0.923    fast 
CLKAND2X12         52  0.000    110.074    fast 
CLKAND2X2           1  0.000      0.327    fast 
CLKAND2X3         133  0.000     71.919    fast 
CLKAND2X6          32  0.000     36.345    fast 
CLKINVX1          797  0.000     72.557    fast 
CLKINVX12           4  0.000      4.671    fast 
CLKINVX16          22  0.000     34.851    fast 
CLKINVX2          313  0.000     56.995    fast 
CLKINVX20           3  0.000      5.918    fast 
CLKINVX3           60  0.000     16.388    fast 
CLKINVX4          131  0.000     47.707    fast 
CLKINVX6           34  0.000     18.029    fast 
CLKINVX8          104  0.000     73.827    fast 
DFFHQX8            11  0.000     18.857    fast 
DFFQX4             23  0.000     25.572    fast 
DFFRX4              3  0.000      5.294    fast 
DFFX1               1  0.000      0.867    fast 
DFFX2             197  0.000    213.148    fast 
DFFX4             574  0.000    913.613    fast 
DFFXL               1  0.000      0.804    fast 
DLY4X4              6  0.000      7.563    fast 
EDFFHQX2            1  0.000      1.145    fast 
EDFFHQX4            1  0.000      1.417    fast 
EDFFHQX8            8  0.000     15.322    fast 
EDFFX4             14  0.000     24.509    fast 
INVX2              52  0.000      9.469    fast 
INVX3              10  0.000      2.731    fast 
INVX6               1  0.000      0.530    fast 
INVXL             181  0.000     10.632    fast 
MDFFHQX4           10  0.000     14.701    fast 
MXI2X1            406  0.000    141.452    fast 
MXI2XL             15  0.000      3.991    fast 
NAND2BX1           43  0.000     11.108    fast 
NAND2BX2           12  0.000      5.280    fast 
NAND2BX4          258  0.000    214.941    fast 
NAND2BXL           13  0.000      2.520    fast 
NAND2X1            91  0.000     16.526    fast 
NAND2X2           245  0.000     89.009    fast 
NAND2X4           360  0.000    261.526    fast 
NAND2X6            42  0.000     45.056    fast 
NAND2X8            75  0.000    106.118    fast 
NAND3BX1           10  0.000      3.482    fast 
NAND3BX2            3  0.000      1.859    fast 
NAND3BX4            4  0.000      4.767    fast 
NAND3X1             1  0.000      0.271    fast 
NAND3X2             2  0.000      1.086    fast 
NAND3X4             2  0.000      2.171    fast 
NAND3X6             2  0.000      3.202    fast 
NAND3X8             3  0.000      6.332    fast 
NAND4BBX1           1  0.000      0.514    fast 
NAND4BX4            2  0.000      3.088    fast 
NAND4X2             2  0.000      1.440    fast 
NAND4X8             2  0.000      5.577    fast 
NOR2BX1             9  0.000      2.011    fast 
NOR2BX2           149  0.000     56.397    fast 
NOR2BX4           292  0.000    203.870    fast 
NOR2X1            128  0.000     20.460    fast 
NOR2X2            120  0.000     38.362    fast 
NOR2X4            325  0.000    207.790    fast 
NOR2X6            107  0.000    101.752    fast 
NOR2X8             50  0.000     62.988    fast 
NOR2XL              1  0.000      0.096    fast 
NOR3BX2             2  0.000      1.032    fast 
NOR3BX4             3  0.000      3.016    fast 
NOR3X1              2  0.000      0.457    fast 
NOR3X2              8  0.000      3.656    fast 
NOR3X4              6  0.000      5.484    fast 
NOR3X6              2  0.000      2.726    fast 
NOR4BBX2            2  0.000      1.423    fast 
NOR4X1              1  0.000      0.297    fast 
NOR4X8              3  0.000      7.071    fast 
OA21X4             16  0.000      9.631    fast 
OA22X1             11  0.000      3.510    fast 
OA22X4              1  0.000      0.722    fast 
OAI211X1           45  0.000     15.298    fast 
OAI211X2            6  0.000      4.079    fast 
OAI211X4            6  0.000      8.155    fast 
OAI21X1            59  0.000     14.768    fast 
OAI21X2           127  0.000     63.571    fast 
OAI21X4           108  0.000    108.103    fast 
OAI21XL             1  0.000      0.155    fast 
OAI221X1           14  0.000      5.719    fast 
OAI221X2            7  0.000      5.721    fast 
OAI221X4            3  0.000      4.902    fast 
OAI222X1          521  0.000    248.612    fast 
OAI222X2          109  0.000    104.052    fast 
OAI222X4            2  0.000      3.817    fast 
OAI22X1           128  0.000     44.314    fast 
OAI22X2            71  0.000     49.191    fast 
OAI22X4            33  0.000     45.720    fast 
OAI22XL             2  0.000      0.459    fast 
OAI2BB1X1          54  0.000     15.956    fast 
OAI2BB1X2          13  0.000      6.201    fast 
OAI2BB1X4          19  0.000     17.000    fast 
OAI2BB1XL          63  0.000     14.610    fast 
OAI2BB2X1           3  0.000      1.477    fast 
OAI2BB2X2          10  0.000      8.313    fast 
OAI2BB2X4           3  0.000      4.745    fast 
OAI31X1            16  0.000      5.104    fast 
OAI31X2             5  0.000      3.189    fast 
OAI31X4            13  0.000     16.581    fast 
OAI32X4             1  0.000      1.659    fast 
OR2X1               2  0.000      0.489    fast 
OR2X2               1  0.000      0.336    fast 
OR2X4               1  0.000      0.588    fast 
OR2X6               2  0.000      1.915    fast 
OR2X8              11  0.000     12.505    fast 
OR3X8               1  0.000      1.350    fast 
XNOR2X4            37  0.000     27.281    fast 
XNOR3X1            71  0.000     56.845    fast 
XNOR3XL            23  0.000     17.930    fast 
XOR2X4             77  0.000     55.394    fast 
XOR3X1             27  0.000     22.041    fast 
XOR3XL             24  0.000     18.555    fast 
------------------------------------------------
total            8649  0.000   5497.776         


                                        Leakage  Leakage 
     Type      Instances  Area Area % Power (nW) Power % 
---------------------------------------------------------
sequential           844 0.000    0.0   1235.250    22.5 
inverter            1712 0.000    0.0    354.307     6.4 
buffer                41 0.000    0.0     27.954     0.5 
logic               6052 0.000    0.0   3880.266    70.6 
physical_cells         0 0.000    0.0      0.000     0.0 
---------------------------------------------------------
total               8649 0.000    0.0   5497.776   100.0 

